{"logTime": "0203/202310", "correlationVector":"UWUzolJacrGoJR7paDPuaO.1","action":"SyncServerConnectionManagerRequest", "result":"SYNC_SERVER_OK", "context":{"environment":"Prod_canadacentral_prod-s01-021-nam-canadacentral", "migrationStage":"NotStarted", "server":"akswtt00400000k"}}
{"logTime": "0203/202311", "correlationVector":"Y1OHL0my93DBOzY7wyHkyf","action":"SyncServerConnectionManagerRequest", "result":"SYNC_SERVER_OK", "context":{"environment":"", "migrationStage":"", "server":""}}
{"logTime": "0203/202311", "correlationVector":"UWUzolJacrGoJR7paDPuaO","action":"Initial GetUpdates", "result":"", "context":Reason: NEW_CLIENT. cV=UWUzolJacrGoJR7paDPuaO}
{"logTime": "0203/202311", "correlationVector":"UWUzolJacrGoJR7paDPuaO.2","action":"GetUpdates Response", "result":"Success", "context":Received 1 update(s). cV=UWUzolJacrGoJR7paDPuaO.0;server=akswtt00400000k;cloudType=Consumer;environment=Prod_canadacentral_prod-s01-021-nam-canadacentral;migrationStage=NotStarted}
{"logTime": "0203/202311", "correlationVector":"FvObGhE9EpidzUzpbdqbpu","action":"Initial GetUpdates", "result":"", "context":Reason: NEWLY_SUPPORTED_DATATYPE. cV=FvObGhE9EpidzUzpbdqbpu}
{"logTime": "0203/202311", "correlationVector":"FvObGhE9EpidzUzpbdqbpu.1","action":"SyncServerConnectionManagerRequest", "result":"SYNC_SERVER_OK", "context":{"environment":"Prod_canadacentral_prod-s01-021-nam-canadacentral", "migrationStage":"NotStarted", "server":"akswtt004000009"}}
{"logTime": "0203/202311", "correlationVector":"FvObGhE9EpidzUzpbdqbpu.2","action":"GetUpdates Response", "result":"Success", "context":Received 94 update(s). cV=FvObGhE9EpidzUzpbdqbpu.0;server=akswtt004000009;cloudType=Consumer;environment=Prod_canadacentral_prod-s01-021-nam-canadacentral;migrationStage=NotStarted}
{"logTime": "0203/202311", "correlationVector":"KN06NAB9ixlrkuTBrlUgAH","action":"Initial GetUpdates", "result":"", "context":Reason: NEWLY_SUPPORTED_DATATYPE. cV=KN06NAB9ixlrkuTBrlUgAH}
{"logTime": "0203/202311", "correlationVector":"KN06NAB9ixlrkuTBrlUgAH.1","action":"SyncServerConnectionManagerRequest", "result":"SYNC_SERVER_OK", "context":{"environment":"Prod_canadacentral_prod-s01-021-nam-canadacentral", "migrationStage":"NotStarted", "server":"akswtt004000008"}}
{"logTime": "0203/202311", "correlationVector":"KN06NAB9ixlrkuTBrlUgAH.2","action":"GetUpdates Response", "result":"Success", "context":Received 9 update(s). cV=KN06NAB9ixlrkuTBrlUgAH.0;server=akswtt004000008;cloudType=Consumer;environment=Prod_canadacentral_prod-s01-021-nam-canadacentral;migrationStage=NotStarted}
{"logTime": "0203/202311", "correlationVector":"P9boCBnJOBE0M6rARPJ1Fv","action":"Initial GetUpdates", "result":"", "context":Reason: NEWLY_SUPPORTED_DATATYPE. cV=P9boCBnJOBE0M6rARPJ1Fv}
{"logTime": "0203/202311", "correlationVector":"P9boCBnJOBE0M6rARPJ1Fv.1","action":"SyncServerConnectionManagerRequest", "result":"SYNC_SERVER_OK", "context":{"environment":"Prod_canadacentral_prod-s01-021-nam-canadacentral", "migrationStage":"NotStarted", "server":"akswtt00400000i"}}
{"logTime": "0203/202311", "correlationVector":"P9boCBnJOBE0M6rARPJ1Fv.2","action":"GetUpdates", "result":"DeleteReceived", "context":{"id":"764156e0-d784-49d1-82d2-1738f0a2936b", "isDeleted:":"true", "version":"1732073058931"}}
{"logTime": "0203/202311", "correlationVector":"P9boCBnJOBE0M6rARPJ1Fv.3","action":"GetUpdates", "result":"DeleteReceived", "context":{"id":"4b05c776-0722-4d12-bed7-f510316d8e03", "isDeleted:":"true", "version":"1732073058933"}}
{"logTime": "0203/202311", "correlationVector":"P9boCBnJOBE0M6rARPJ1Fv.4","action":"GetUpdates", "result":"DeleteReceived", "context":{"id":"7d1ca756-a05d-43ea-a68c-61d096685b4e", "isDeleted:":"true", "version":"1733588741933"}}
{"logTime": "0203/202311", "correlationVector":"P9boCBnJOBE0M6rARPJ1Fv.5","action":"GetUpdates", "result":"DeleteReceived", "context":{"id":"f30dc5d3-154b-40cc-9b3c-5b7389b0b8e2", "isDeleted:":"true", "version":"1733588741934"}}
{"logTime": "0203/202311", "correlationVector":"P9boCBnJOBE0M6rARPJ1Fv.6","action":"GetUpdates", "result":"DeleteReceived", "context":{"id":"0003fd6e-34fa-4787-925a-4baff7b0627b", "isDeleted:":"true", "version":"1733588741935"}}
{"logTime": "0203/202311", "correlationVector":"P9boCBnJOBE0M6rARPJ1Fv.7","action":"GetUpdates", "result":"DeleteReceived", "context":{"id":"5d8f8dca-187a-43d8-b1d2-6bddf8120656", "isDeleted:":"true", "version":"1733588741937"}}
{"logTime": "0203/202311", "correlationVector":"P9boCBnJOBE0M6rARPJ1Fv.8","action":"GetUpdates", "result":"DeleteReceived", "context":{"id":"630d1b9c-f322-46d1-9cb0-368c1c0f3e09", "isDeleted:":"true", "version":"1733588741938"}}
{"logTime": "0203/202311", "correlationVector":"P9boCBnJOBE0M6rARPJ1Fv.9","action":"GetUpdates", "result":"DeleteReceived", "context":{"id":"7b227658-6451-4347-8417-2d4329c6f80d", "isDeleted:":"true", "version":"1733588741939"}}
{"logTime": "0203/202311", "correlationVector":"P9boCBnJOBE0M6rARPJ1Fv.10","action":"GetUpdates", "result":"DeleteReceived", "context":{"id":"34c69c28-c241-452e-9a31-10f1c3f2ec6c", "isDeleted:":"true", "version":"1733588741940"}}
{"logTime": "0203/202311", "correlationVector":"P9boCBnJOBE0M6rARPJ1Fv.11","action":"GetUpdates", "result":"DeleteReceived", "context":{"id":"8ad5199c-5b69-44ac-bf65-a2eab95b1587", "isDeleted:":"true", "version":"1733588741941"}}
{"logTime": "0203/202311", "correlationVector":"P9boCBnJOBE0M6rARPJ1Fv.12","action":"GetUpdates", "result":"DeleteReceived", "context":{"id":"b1dd6c72-b02a-4f98-b7c6-5f3766eb46ed", "isDeleted:":"true", "version":"1733588741942"}}
{"logTime": "0203/202311", "correlationVector":"P9boCBnJOBE0M6rARPJ1Fv.13","action":"GetUpdates", "result":"DeleteReceived", "context":{"id":"c2857c93-a3ab-4afa-bd20-cd46b8e48757", "isDeleted:":"true", "version":"1733588741943"}}
{"logTime": "0203/202311", "correlationVector":"P9boCBnJOBE0M6rARPJ1Fv.14","action":"GetUpdates", "result":"DeleteReceived", "context":{"id":"5b7093bf-6773-4f06-b75c-78471db43513", "isDeleted:":"true", "version":"1733588741944"}}
{"logTime": "0203/202311", "correlationVector":"P9boCBnJOBE0M6rARPJ1Fv.15","action":"GetUpdates", "result":"DeleteReceived", "context":{"id":"2e6ebf45-1cab-44d5-b380-64897e302cbc", "isDeleted:":"true", "version":"1733588741945"}}
{"logTime": "0203/202311", "correlationVector":"P9boCBnJOBE0M6rARPJ1Fv.16","action":"GetUpdates", "result":"DeleteReceived", "context":{"id":"ec1f3461-fa25-4f7e-9ca6-560e4e7f79d5", "isDeleted:":"true", "version":"1733588741946"}}
{"logTime": "0203/202311", "correlationVector":"P9boCBnJOBE0M6rARPJ1Fv.17","action":"GetUpdates", "result":"DeleteReceived", "context":{"id":"41ca9435-8e78-40d5-9553-8fefcd39319d", "isDeleted:":"true", "version":"1733588743628"}}
{"logTime": "0203/202311", "correlationVector":"P9boCBnJOBE0M6rARPJ1Fv.18","action":"GetUpdates", "result":"DeleteReceived", "context":{"id":"6422b888-61da-48fa-9036-b548435d2cb7", "isDeleted:":"true", "version":"1733588743629"}}
{"logTime": "0203/202311", "correlationVector":"P9boCBnJOBE0M6rARPJ1Fv.19","action":"GetUpdates", "result":"DeleteReceived", "context":{"id":"cdc3615f-a305-4f09-93a6-6f5d62f560b6", "isDeleted:":"true", "version":"1733852566380"}}
{"logTime": "0203/202311", "correlationVector":"P9boCBnJOBE0M6rARPJ1Fv.20","action":"GetUpdates", "result":"DeleteReceived", "context":{"id":"a98d5f43-8a1a-48a1-89a3-47e8d77d295c", "isDeleted:":"true", "version":"1736698404622"}}
{"logTime": "0203/202311", "correlationVector":"P9boCBnJOBE0M6rARPJ1Fv.21","action":"GetUpdates", "result":"DeleteReceived", "context":{"id":"b1bcd36c-90d7-4c71-9e75-b44bd5be5dc7", "isDeleted:":"true", "version":"1736753677791"}}
{"logTime": "0203/202311", "correlationVector":"P9boCBnJOBE0M6rARPJ1Fv.22","action":"GetUpdates", "result":"DeleteReceived", "context":{"id":"b5c9c544-4600-4253-84b2-2cfc48ed3d50", "isDeleted:":"true", "version":"1737074033222"}}
{"logTime": "0203/202311", "correlationVector":"P9boCBnJOBE0M6rARPJ1Fv.23","action":"GetUpdates", "result":"DeleteReceived", "context":{"id":"ef0a9002-5a51-45b4-8e49-bc41afc367c9", "isDeleted:":"true", "version":"1737074033223"}}
{"logTime": "0203/202311", "correlationVector":"P9boCBnJOBE0M6rARPJ1Fv.24","action":"GetUpdates", "result":"DeleteReceived", "context":{"id":"457ba66b-c96a-4c85-ad34-72f69fd3bbfa", "isDeleted:":"true", "version":"1737074033225"}}
{"logTime": "0203/202311", "correlationVector":"P9boCBnJOBE0M6rARPJ1Fv.25","action":"GetUpdates", "result":"DeleteReceived", "context":{"id":"4e0d12bd-d4a1-4f75-b8dc-cb71bb103614", "isDeleted:":"true", "version":"1737074033226"}}
{"logTime": "0203/202311", "correlationVector":"P9boCBnJOBE0M6rARPJ1Fv.26","action":"GetUpdates", "result":"DeleteReceived", "context":{"id":"e8933b88-2055-4f23-bd51-9070b949749c", "isDeleted:":"true", "version":"1737074033227"}}
{"logTime": "0203/202311", "correlationVector":"P9boCBnJOBE0M6rARPJ1Fv.27","action":"GetUpdates", "result":"DeleteReceived", "context":{"id":"7fb3ff51-0ef1-4b32-99dc-364b54953d2a", "isDeleted:":"true", "version":"1737074033228"}}
{"logTime": "0203/202311", "correlationVector":"P9boCBnJOBE0M6rARPJ1Fv.28","action":"GetUpdates", "result":"DeleteReceived", "context":{"id":"6776b4f2-e90d-4ea0-8389-9b1858816f41", "isDeleted:":"true", "version":"1737074033229"}}
{"logTime": "0203/202311", "correlationVector":"P9boCBnJOBE0M6rARPJ1Fv.29","action":"GetUpdates", "result":"DeleteReceived", "context":{"id":"5f1d4f10-4186-4ec5-b125-7827627fce59", "isDeleted:":"true", "version":"1737074033230"}}
{"logTime": "0203/202311", "correlationVector":"P9boCBnJOBE0M6rARPJ1Fv.30","action":"GetUpdates", "result":"DeleteReceived", "context":{"id":"ed61c8af-7566-42bc-936e-c52b24ed19fd", "isDeleted:":"true", "version":"1737074033231"}}
{"logTime": "0203/202311", "correlationVector":"P9boCBnJOBE0M6rARPJ1Fv.31","action":"GetUpdates", "result":"DeleteReceived", "context":{"id":"0ff9e5b1-844c-4b26-9a88-b36e0da166c3", "isDeleted:":"true", "version":"1737074033232"}}
{"logTime": "0203/202311", "correlationVector":"P9boCBnJOBE0M6rARPJ1Fv.32","action":"GetUpdates", "result":"DeleteReceived", "context":{"id":"e4357f83-3660-4ffd-8c43-478ac51c7314", "isDeleted:":"true", "version":"1737074033234"}}
{"logTime": "0203/202311", "correlationVector":"P9boCBnJOBE0M6rARPJ1Fv.33","action":"GetUpdates", "result":"DeleteReceived", "context":{"id":"4c4d3281-5bd0-475b-9e41-c7eb16d1b741", "isDeleted:":"true", "version":"1737074033235"}}
{"logTime": "0203/202311", "correlationVector":"P9boCBnJOBE0M6rARPJ1Fv.34","action":"GetUpdates", "result":"DeleteReceived", "context":{"id":"bc6e3359-182f-4e5e-b746-a0121761eda2", "isDeleted:":"true", "version":"1737074033236"}}
{"logTime": "0203/202311", "correlationVector":"P9boCBnJOBE0M6rARPJ1Fv.35","action":"GetUpdates", "result":"DeleteReceived", "context":{"id":"97a865f2-43f5-4771-a916-049fb26c0ce7", "isDeleted:":"true", "version":"1737074140811"}}
{"logTime": "0203/202311", "correlationVector":"P9boCBnJOBE0M6rARPJ1Fv.36","action":"GetUpdates", "result":"DeleteReceived", "context":{"id":"551aa314-e2e7-4847-9e48-c0dc075f0c25", "isDeleted:":"true", "version":"1737591647926"}}
{"logTime": "0203/202311", "correlationVector":"P9boCBnJOBE0M6rARPJ1Fv.37","action":"GetUpdates", "result":"DeleteReceived", "context":{"id":"48b08573-8189-4275-942b-23297381a4d6", "isDeleted:":"true", "version":"1737591647928"}}
{"logTime": "0203/202311", "correlationVector":"P9boCBnJOBE0M6rARPJ1Fv.38","action":"GetUpdates", "result":"DeleteReceived", "context":{"id":"a34e6c4d-5172-4820-a926-694b76f08e78", "isDeleted:":"true", "version":"1737600592707"}}
{"logTime": "0203/202311", "correlationVector":"P9boCBnJOBE0M6rARPJ1Fv.39","action":"GetUpdates", "result":"DeleteReceived", "context":{"id":"7b321140-63f0-4d99-ad6f-16dc2772b70e", "isDeleted:":"true", "version":"1737679584631"}}
{"logTime": "0203/202311", "correlationVector":"P9boCBnJOBE0M6rARPJ1Fv.40","action":"GetUpdates", "result":"DeleteReceived", "context":{"id":"549f5110-2523-49ae-8247-ca510ccf705c", "isDeleted:":"true", "version":"1737723351029"}}
{"logTime": "0203/202311", "correlationVector":"P9boCBnJOBE0M6rARPJ1Fv.41","action":"GetUpdates", "result":"DeleteReceived", "context":{"id":"bbd2d1c8-36bd-48f3-a9f2-e6f6f669b27b", "isDeleted:":"true", "version":"1737958739386"}}
{"logTime": "0203/202311", "correlationVector":"P9boCBnJOBE0M6rARPJ1Fv.42","action":"GetUpdates", "result":"DeleteReceived", "context":{"id":"e419ef87-3263-440c-969f-1ade9236021c", "isDeleted:":"true", "version":"1737958739387"}}
{"logTime": "0203/202311", "correlationVector":"P9boCBnJOBE0M6rARPJ1Fv.43","action":"GetUpdates", "result":"DeleteReceived", "context":{"id":"f5254e87-7a6b-4ad2-bfdb-5ffdb9f422fb", "isDeleted:":"true", "version":"1737958739389"}}
{"logTime": "0203/202311", "correlationVector":"P9boCBnJOBE0M6rARPJ1Fv.44","action":"GetUpdates", "result":"DeleteReceived", "context":{"id":"e8dcabaa-8972-4e19-8a7d-7b5e94508476", "isDeleted:":"true", "version":"1737958739390"}}
{"logTime": "0203/202311", "correlationVector":"P9boCBnJOBE0M6rARPJ1Fv.45","action":"GetUpdates", "result":"DeleteReceived", "context":{"id":"ad22b44c-da15-4613-9adc-c2ee543196d5", "isDeleted:":"true", "version":"1737958739391"}}
{"logTime": "0203/202311", "correlationVector":"P9boCBnJOBE0M6rARPJ1Fv.46","action":"GetUpdates", "result":"DeleteReceived", "context":{"id":"0b1bf412-e3eb-435f-aa37-53bd3070f101", "isDeleted:":"true", "version":"1737958739392"}}
{"logTime": "0203/202311", "correlationVector":"P9boCBnJOBE0M6rARPJ1Fv.47","action":"GetUpdates", "result":"DeleteReceived", "context":{"id":"62d1fcf5-2f41-4b45-89dc-ebdd020d9d56", "isDeleted:":"true", "version":"1737995377863"}}
{"logTime": "0203/202311", "correlationVector":"P9boCBnJOBE0M6rARPJ1Fv.48","action":"GetUpdates", "result":"DeleteReceived", "context":{"id":"b6073b1a-aa80-4817-99d2-a30cdbe539f4", "isDeleted:":"true", "version":"1738013535674"}}
{"logTime": "0203/202311", "correlationVector":"P9boCBnJOBE0M6rARPJ1Fv.49","action":"GetUpdates", "result":"DeleteReceived", "context":{"id":"2519052e-99b0-4fd8-b5a9-5baf3bd39ed9", "isDeleted:":"true", "version":"1738017258391"}}
{"logTime": "0203/202311", "correlationVector":"P9boCBnJOBE0M6rARPJ1Fv.50","action":"GetUpdates", "result":"DeleteReceived", "context":{"id":"1234d7ea-904e-4d0c-bda1-a03a94891d29", "isDeleted:":"true", "version":"1738044154104"}}
{"logTime": "0203/202311", "correlationVector":"P9boCBnJOBE0M6rARPJ1Fv.51","action":"GetUpdates", "result":"DeleteReceived", "context":{"id":"357a60ca-716e-4cb4-ae87-527d80685def", "isDeleted:":"true", "version":"1738099942921"}}
{"logTime": "0203/202311", "correlationVector":"P9boCBnJOBE0M6rARPJ1Fv.52","action":"GetUpdates", "result":"DeleteReceived", "context":{"id":"37a68da3-5a7c-459f-9adc-2710c7e5b8de", "isDeleted:":"true", "version":"1738100779397"}}
{"logTime": "0203/202311", "correlationVector":"P9boCBnJOBE0M6rARPJ1Fv.53","action":"GetUpdates", "result":"DeleteReceived", "context":{"id":"803a0343-fe7d-4ca9-a933-a54cb3231b19", "isDeleted:":"true", "version":"1738101533067"}}
{"logTime": "0203/202311", "correlationVector":"P9boCBnJOBE0M6rARPJ1Fv.54","action":"GetUpdates", "result":"DeleteReceived", "context":{"id":"5d85e009-f218-4588-86b1-b08deb5ec37c", "isDeleted:":"true", "version":"1738130998982"}}
{"logTime": "0203/202311", "correlationVector":"P9boCBnJOBE0M6rARPJ1Fv.55","action":"GetUpdates", "result":"DeleteReceived", "context":{"id":"d18f5c6c-4baa-42a9-a918-f520de778c83", "isDeleted:":"true", "version":"1738168550227"}}
{"logTime": "0203/202311", "correlationVector":"P9boCBnJOBE0M6rARPJ1Fv.56","action":"GetUpdates", "result":"DeleteReceived", "context":{"id":"211c1c9a-1bd3-4799-bfcd-48856f91276d", "isDeleted:":"true", "version":"1738169172710"}}
{"logTime": "0203/202311", "correlationVector":"P9boCBnJOBE0M6rARPJ1Fv.57","action":"GetUpdates", "result":"DeleteReceived", "context":{"id":"7b8854f7-b3c4-4576-977e-33d6393a8727", "isDeleted:":"true", "version":"1738169537482"}}
{"logTime": "0203/202311", "correlationVector":"P9boCBnJOBE0M6rARPJ1Fv.58","action":"GetUpdates", "result":"DeleteReceived", "context":{"id":"d7bd2535-50bc-47e5-a0b7-412270f37a22", "isDeleted:":"true", "version":"1738170012391"}}
{"logTime": "0203/202311", "correlationVector":"P9boCBnJOBE0M6rARPJ1Fv.59","action":"GetUpdates", "result":"DeleteReceived", "context":{"id":"66a17d90-174d-4ae8-9959-fd62e7a1a30b", "isDeleted:":"true", "version":"1738170319076"}}
{"logTime": "0203/202311", "correlationVector":"P9boCBnJOBE0M6rARPJ1Fv.60","action":"GetUpdates", "result":"DeleteReceived", "context":{"id":"89c2ed95-32ce-49e4-b732-0003e7bef6f7", "isDeleted:":"true", "version":"1738180640979"}}
{"logTime": "0203/202311", "correlationVector":"P9boCBnJOBE0M6rARPJ1Fv.61","action":"GetUpdates", "result":"DeleteReceived", "context":{"id":"05c0dcf6-28ab-45e6-9436-028965b21a89", "isDeleted:":"true", "version":"1738180847458"}}
{"logTime": "0203/202311", "correlationVector":"P9boCBnJOBE0M6rARPJ1Fv.62","action":"GetUpdates", "result":"DeleteReceived", "context":{"id":"cbd95430-f444-4959-ba2c-c779056c3f7a", "isDeleted:":"true", "version":"1738245761837"}}
{"logTime": "0203/202311", "correlationVector":"P9boCBnJOBE0M6rARPJ1Fv.63","action":"GetUpdates", "result":"DeleteReceived", "context":{"id":"1efbdc1d-b1d1-44cb-bb95-70eefd3a4f28", "isDeleted:":"true", "version":"1738251156301"}}
{"logTime": "0203/202311", "correlationVector":"P9boCBnJOBE0M6rARPJ1Fv.64","action":"GetUpdates", "result":"DeleteReceived", "context":{"id":"9b3aa449-daf1-4f2e-8de3-13592680fb30", "isDeleted:":"true", "version":"1738251844611"}}
{"logTime": "0203/202311", "correlationVector":"P9boCBnJOBE0M6rARPJ1Fv.65","action":"GetUpdates", "result":"DeleteReceived", "context":{"id":"70974895-d84a-45d1-8e3f-bb0db3ae7675", "isDeleted:":"true", "version":"1738252552287"}}
{"logTime": "0203/202311", "correlationVector":"P9boCBnJOBE0M6rARPJ1Fv.66","action":"GetUpdates", "result":"DeleteReceived", "context":{"id":"8ae340f8-a4da-4ea7-8250-d75b584836a1", "isDeleted:":"true", "version":"1738253544522"}}
{"logTime": "0203/202311", "correlationVector":"P9boCBnJOBE0M6rARPJ1Fv.67","action":"GetUpdates", "result":"DeleteReceived", "context":{"id":"edd2ca21-0d2e-4744-a63f-8482ae269653", "isDeleted:":"true", "version":"1738253918258"}}
{"logTime": "0203/202311", "correlationVector":"P9boCBnJOBE0M6rARPJ1Fv.68","action":"GetUpdates", "result":"DeleteReceived", "context":{"id":"812c4595-6caa-4745-a3a5-662bf68c6717", "isDeleted:":"true", "version":"1738291846362"}}
{"logTime": "0203/202311", "correlationVector":"P9boCBnJOBE0M6rARPJ1Fv.69","action":"GetUpdates", "result":"DeleteReceived", "context":{"id":"6928c169-ef99-4667-ba16-504823944dd0", "isDeleted:":"true", "version":"1738470892997"}}
{"logTime": "0203/202311", "correlationVector":"P9boCBnJOBE0M6rARPJ1Fv.70","action":"GetUpdates", "result":"DeleteReceived", "context":{"id":"6421cbf3-4264-4c28-a5b8-588ef9e05c55", "isDeleted:":"true", "version":"1738474895024"}}
{"logTime": "0203/202311", "correlationVector":"P9boCBnJOBE0M6rARPJ1Fv.71","action":"GetUpdates", "result":"DeleteReceived", "context":{"id":"120b46ee-65e3-42fc-a186-8a30436d1776", "isDeleted:":"true", "version":"1738573696649"}}
{"logTime": "0203/202311", "correlationVector":"P9boCBnJOBE0M6rARPJ1Fv.72","action":"GetUpdates", "result":"DeleteReceived", "context":{"id":"2a964bc8-124c-4378-88ad-795fb19150ba", "isDeleted:":"true", "version":"1738576962009"}}
{"logTime": "0203/202311", "correlationVector":"P9boCBnJOBE0M6rARPJ1Fv.73","action":"GetUpdates", "result":"DeleteReceived", "context":{"id":"5be19d39-f47e-40a9-9da7-17bb645cd92f", "isDeleted:":"true", "version":"1738595742593"}}
{"logTime": "0203/202311", "correlationVector":"P9boCBnJOBE0M6rARPJ1Fv.74","action":"GetUpdates", "result":"DeleteReceived", "context":{"id":"a5a74939-4a5b-4ff2-8079-fc0f97ced70b", "isDeleted:":"true", "version":"1738597163069"}}
{"logTime": "0203/202311", "correlationVector":"P9boCBnJOBE0M6rARPJ1Fv.75","action":"GetUpdates", "result":"DeleteReceived", "context":{"id":"b3d5c1c4-4bd5-4040-9f51-badd25098970", "isDeleted:":"true", "version":"1738597516662"}}
{"logTime": "0203/202311", "correlationVector":"P9boCBnJOBE0M6rARPJ1Fv.76","action":"GetUpdates", "result":"DeleteReceived", "context":{"id":"9366364d-845b-4b9e-956a-88b32c38ff6d", "isDeleted:":"true", "version":"1738597516663"}}
{"logTime": "0203/202311", "correlationVector":"P9boCBnJOBE0M6rARPJ1Fv.77","action":"GetUpdates", "result":"DeleteReceived", "context":{"id":"896e726a-dda9-43fc-9f7a-934165890224", "isDeleted:":"true", "version":"1738597516664"}}
{"logTime": "0203/202311", "correlationVector":"P9boCBnJOBE0M6rARPJ1Fv.78","action":"GetUpdates", "result":"DeleteReceived", "context":{"id":"34b0936a-fd84-4357-9991-1f494c340965", "isDeleted:":"true", "version":"1738597516666"}}
{"logTime": "0203/202311", "correlationVector":"P9boCBnJOBE0M6rARPJ1Fv.79","action":"GetUpdates", "result":"DeleteReceived", "context":{"id":"20ea3233-a57e-4870-b396-7507d858007b", "isDeleted:":"true", "version":"1738600759861"}}
{"logTime": "0203/202311", "correlationVector":"P9boCBnJOBE0M6rARPJ1Fv.80","action":"GetUpdates", "result":"DeleteReceived", "context":{"id":"1868287a-61a0-485f-8bf3-da7c7671eeaa", "isDeleted:":"true", "version":"1738602902072"}}
{"logTime": "0203/202311", "correlationVector":"P9boCBnJOBE0M6rARPJ1Fv.81","action":"GetUpdates", "result":"DeleteReceived", "context":{"id":"ed2187a2-6375-42fc-b172-8457e33eaeac", "isDeleted:":"true", "version":"1738611069002"}}
{"logTime": "0203/202311", "correlationVector":"P9boCBnJOBE0M6rARPJ1Fv.82","action":"GetUpdates Response", "result":"Success", "context":Received 114 update(s). cV=P9boCBnJOBE0M6rARPJ1Fv.0;server=akswtt00400000i;cloudType=Consumer;environment=Prod_canadacentral_prod-s01-021-nam-canadacentral;migrationStage=NotStarted}
{"logTime": "0203/202311", "correlationVector":"T03k76VPdkxRwNc7vVJHY7","action":"Initial GetUpdates", "result":"", "context":Reason: NEWLY_SUPPORTED_DATATYPE. cV=T03k76VPdkxRwNc7vVJHY7}
{"logTime": "0203/202312", "correlationVector":"T03k76VPdkxRwNc7vVJHY7.1","action":"SyncServerConnectionManagerRequest", "result":"SYNC_SERVER_OK", "context":{"environment":"Prod_canadacentral_prod-s01-021-nam-canadacentral", "migrationStage":"NotStarted", "server":"akswtt004000008"}}
{"logTime": "0203/202312", "correlationVector":"T03k76VPdkxRwNc7vVJHY7.2","action":"GetUpdates Response", "result":"Success", "context":Received 250 update(s). cV=T03k76VPdkxRwNc7vVJHY7.0;server=akswtt004000008;cloudType=Consumer;environment=Prod_canadacentral_prod-s01-021-nam-canadacentral;migrationStage=NotStarted Some updates remain.}
{"logTime": "0203/202312", "correlationVector":"NhBEgfS2AfWQqv1clfZRtw","action":"Initial GetUpdates", "result":"", "context":Reason: NEWLY_SUPPORTED_DATATYPE. cV=NhBEgfS2AfWQqv1clfZRtw}
{"logTime": "0203/202312", "correlationVector":"NhBEgfS2AfWQqv1clfZRtw.1","action":"SyncServerConnectionManagerRequest", "result":"SYNC_SERVER_OK", "context":{"environment":"Prod_canadacentral_prod-s01-021-nam-canadacentral", "migrationStage":"NotStarted", "server":"akswtt00400000f"}}
{"logTime": "0203/202312", "correlationVector":"NhBEgfS2AfWQqv1clfZRtw.2","action":"GetUpdates Response", "result":"Success", "context":Received 250 update(s). cV=NhBEgfS2AfWQqv1clfZRtw.0;server=akswtt00400000f;cloudType=Consumer;environment=Prod_canadacentral_prod-s01-021-nam-canadacentral;migrationStage=NotStarted Some updates remain.}
{"logTime": "0203/202312", "correlationVector":"8hodn6n2zLi0HSCA6X8SrA","action":"Initial GetUpdates", "result":"", "context":Reason: NEWLY_SUPPORTED_DATATYPE. cV=8hodn6n2zLi0HSCA6X8SrA}
{"logTime": "0203/202312", "correlationVector":"8hodn6n2zLi0HSCA6X8SrA.1","action":"SyncServerConnectionManagerRequest", "result":"SYNC_SERVER_OK", "context":{"environment":"Prod_canadacentral_prod-s01-021-nam-canadacentral", "migrationStage":"NotStarted", "server":"akswtt00400000a"}}
{"logTime": "0203/202312", "correlationVector":"8hodn6n2zLi0HSCA6X8SrA.2","action":"GetUpdates Response", "result":"Success", "context":Received 183 update(s). cV=8hodn6n2zLi0HSCA6X8SrA.0;server=akswtt00400000a;cloudType=Consumer;environment=Prod_canadacentral_prod-s01-021-nam-canadacentral;migrationStage=NotStarted}
{"logTime": "0203/202312", "correlationVector":"CzPe8SGMrYk8xD4cYY1oj+","action":"Normal GetUpdate request", "result":"", "context":cV=CzPe8SGMrYk8xD4cYY1oj+
Nudged types: Sessions, Device Info, User Consents, Edge Hub App Usage
Refresh requested types: Bookmarks, Preferences, Passwords, Autofill Profiles, Autofill, Extensions, Sessions, Extension settings, History Delete Directives, Device Info, User Consents, Send Tab To Self, Web Apps, History, Collection, Edge E Drop, Edge Hub App Usage, Edge Tab Group, Edge Wallet, Encryption Keys}
{"logTime": "0203/202313", "correlationVector":"CzPe8SGMrYk8xD4cYY1oj+.1","action":"SyncServerConnectionManagerRequest", "result":"SYNC_SERVER_OK", "context":{"environment":"Prod_canadacentral_prod-s01-021-nam-canadacentral", "migrationStage":"NotStarted", "server":"akswtt004000006"}}
{"logTime": "0203/202313", "correlationVector":"CzPe8SGMrYk8xD4cYY1oj+.2","action":"GetUpdates Response", "result":"Success", "context":Received 0 update(s). cV=CzPe8SGMrYk8xD4cYY1oj+.0;server=akswtt004000006;cloudType=Consumer;environment=Prod_canadacentral_prod-s01-021-nam-canadacentral;migrationStage=NotStarted}
{"logTime": "0203/202313", "correlationVector":"OtYiKYxq21BNCjCO0M4vpC","action":"DoCompareDataConsistency requsted types: ", "result":"Bookmarks, Preferences, Passwords, Extensions, Extension settings, History Delete Directives, Send Tab To Self, Web Apps, History, Collection, Edge E Drop, Edge Tab Group, Edge Wallet, Encryption Keys"}
{"logTime": "0203/202313", "correlationVector":"OtYiKYxq21BNCjCO0M4vpC.0","action":"CompareDataConsistency result: ", "result":"Compare result: Encryption Keys is consistent. local entities count is: 1 local entities hash is: aAIOcCx2RGORjDaXiMH5IUDwUz4="}
{"logTime": "0203/202313", "correlationVector":"OtYiKYxq21BNCjCO0M4vpC.1","action":"CompareDataConsistency result: ", "result":"Compare result: Bookmarks is consistent. local entities count is: 7 local entities hash is: Pg2togXZJmo1tOSZC5iIYMzQ0ks="}
{"logTime": "0203/202313", "correlationVector":"OtYiKYxq21BNCjCO0M4vpC.2","action":"CompareDataConsistency result: ", "result":"Compare result: Preferences is consistent. local entities count is: 41 local entities hash is: DIRySJ94rKQIJ5Ii+iLkiJSmveY="}
{"logTime": "0203/202313", "correlationVector":"OtYiKYxq21BNCjCO0M4vpC.3","action":"CompareDataConsistency result: ", "result":"Compare result: Extensions is consistent. local entities count is: 4 local entities hash is: QX0mijJzRxZZxdnzlGNtuoMH/rA="}
{"logTime": "0203/202313", "correlationVector":"OtYiKYxq21BNCjCO0M4vpC.4","action":"CompareDataConsistency result: ", "result":"Compare result: Extension settings is consistent. local entities count is: 0 local entities hash is: "}
{"logTime": "0203/202313", "correlationVector":"OtYiKYxq21BNCjCO0M4vpC.5","action":"CompareDataConsistency result: ", "result":"Compare result: History Delete Directives is consistent. local entities count is: 0 local entities hash is: "}
{"logTime": "0203/202313", "correlationVector":"OtYiKYxq21BNCjCO0M4vpC.6","action":"CompareDataConsistency result: ", "result":"Server did not send this Send Tab To Self local entities count is: 0 local entities hash is: "}
{"logTime": "0203/202313", "correlationVector":"OtYiKYxq21BNCjCO0M4vpC.7","action":"CompareDataConsistency result: ", "result":"Compare result: Web Apps is consistent. local entities count is: 0 local entities hash is: "}
{"logTime": "0203/202313", "correlationVector":"OtYiKYxq21BNCjCO0M4vpC.8","action":"CompareDataConsistency result: ", "result":"Server did not send this History local entities count is: 0 local entities hash is: "}
{"logTime": "0203/202313", "correlationVector":"OtYiKYxq21BNCjCO0M4vpC.9","action":"CompareDataConsistency result: ", "result":"Compare result: Collection is consistent. local entities count is: 0 local entities hash is: "}
{"logTime": "0203/202313", "correlationVector":"OtYiKYxq21BNCjCO0M4vpC.10","action":"CompareDataConsistency result: ", "result":"Compare result: Edge E Drop is consistent. local entities count is: 0 local entities hash is: "}
{"logTime": "0203/202313", "correlationVector":"OtYiKYxq21BNCjCO0M4vpC.11","action":"CompareDataConsistency result: ", "result":"Compare result: Edge Tab Group is consistent. local entities count is: 0 local entities hash is: "}
{"logTime": "0203/202313", "correlationVector":"OtYiKYxq21BNCjCO0M4vpC.12","action":"CompareDataConsistency result: ", "result":"Compare result: Edge Wallet is consistent. local entities count is: 0 local entities hash is: "}
{"logTime": "0203/202313", "correlationVector":"OtYiKYxq21BNCjCO0M4vpC.13","action":"CompareDataConsistency result: ", "result":"Compare result: Passwords is consistent. local entities count is: 51 local entities hash is: /+oOiRU6VKIeBLXTBcyjHK73x1A="}
{"logTime": "0203/202313", "correlationVector":"fIjWUD7rGa6i1IfwklTHgh","action":"Commit Request", "result":"", "context":Item count: 5
Contributing types: Sessions, Device Info, User Consents, Edge Hub App Usage}
{"logTime": "0203/202313", "correlationVector":"fIjWUD7rGa6i1IfwklTHgh.1","action":"SyncServerConnectionManagerRequest", "result":"SYNC_SERVER_OK", "context":{"environment":"Prod_canadacentral_prod-s01-021-nam-canadacentral", "migrationStage":"NotStarted", "server":"akswtt004000011"}}
{"logTime": "0203/202313", "correlationVector":"fIjWUD7rGa6i1IfwklTHgh.2","action":"Commit Response", "result":"Success", "context":Result: Success. cV=fIjWUD7rGa6i1IfwklTHgh.0;server=akswtt004000011;cloudType=Consumer;environment=Prod_canadacentral_prod-s01-021-nam-canadacentral;migrationStage=NotStarted}
{"logTime": "0203/202313", "correlationVector":"","action":"DIAGNOSTIC_REQUEST|v1/diagnosticData/Diagnostic.SendCheckResult()|SUCCESS", "result":""}
{"logTime": "0203/202315", "correlationVector":"DSPK/abhCIxobz43Duy1QM","action":"Commit Request", "result":"", "context":Item count: 8
Contributing types: Sessions, User Consents, History}
{"logTime": "0203/202316", "correlationVector":"DSPK/abhCIxobz43Duy1QM.1","action":"SyncServerConnectionManagerRequest", "result":"SYNC_SERVER_OK", "context":{"environment":"Prod_canadacentral_prod-s01-021-nam-canadacentral", "migrationStage":"NotStarted", "server":"akswtt00400000h"}}
{"logTime": "0203/202316", "correlationVector":"DSPK/abhCIxobz43Duy1QM.2","action":"Commit Response", "result":"Success", "context":Result: Success. cV=DSPK/abhCIxobz43Duy1QM.0;server=akswtt00400000h;cloudType=Consumer;environment=Prod_canadacentral_prod-s01-021-nam-canadacentral;migrationStage=NotStarted}
{"logTime": "0203/202416", "correlationVector":"hRe4nsYrQfU/aqTIsRGhys","action":"Commit Request", "result":"", "context":Item count: 6
Contributing types: Sessions, History}
{"logTime": "0203/202416", "correlationVector":"hRe4nsYrQfU/aqTIsRGhys.1","action":"SyncServerConnectionManagerRequest", "result":"SYNC_SERVER_OK", "context":{"environment":"Prod_canadacentral_prod-s01-021-nam-canadacentral", "migrationStage":"NotStarted", "server":"akswtt00400000k"}}
{"logTime": "0203/202416", "correlationVector":"hRe4nsYrQfU/aqTIsRGhys.2","action":"Commit Response", "result":"Success", "context":Result: Success. cV=hRe4nsYrQfU/aqTIsRGhys.0;server=akswtt00400000k;cloudType=Consumer;environment=Prod_canadacentral_prod-s01-021-nam-canadacentral;migrationStage=NotStarted}
{"logTime": "0203/204344", "correlationVector":"b1PdA8wDAQxuSY2sAEZ7BE.1","action":"SyncServerConnectionManagerRequest", "result":"SYNC_SERVER_OK", "context":{"environment":"Prod_canadacentral_prod-s01-021-nam-canadacentral", "migrationStage":"NotStarted", "server":"akswtt004000004"}}
{"logTime": "0203/204345", "correlationVector":"DKcuEs9EpVIwucJw9KrM7o","action":"SyncServerConnectionManagerRequest", "result":"SYNC_SERVER_OK", "context":{"environment":"", "migrationStage":"", "server":""}}
{"logTime": "0203/204345", "correlationVector":"b1PdA8wDAQxuSY2sAEZ7BE","action":"Initial GetUpdates", "result":"", "context":Reason: NEW_CLIENT. cV=b1PdA8wDAQxuSY2sAEZ7BE}
{"logTime": "0203/204345", "correlationVector":"b1PdA8wDAQxuSY2sAEZ7BE.2","action":"GetUpdates Response", "result":"Success", "context":Received 1 update(s). cV=b1PdA8wDAQxuSY2sAEZ7BE.0;server=akswtt004000004;cloudType=Consumer;environment=Prod_canadacentral_prod-s01-021-nam-canadacentral;migrationStage=NotStarted}
{"logTime": "0203/204345", "correlationVector":"xo92KGidaVBeTJcmx3NHkL","action":"Initial GetUpdates", "result":"", "context":Reason: NEWLY_SUPPORTED_DATATYPE. cV=xo92KGidaVBeTJcmx3NHkL}
{"logTime": "0203/204345", "correlationVector":"xo92KGidaVBeTJcmx3NHkL.1","action":"SyncServerConnectionManagerRequest", "result":"SYNC_SERVER_OK", "context":{"environment":"Prod_canadacentral_prod-s01-021-nam-canadacentral", "migrationStage":"NotStarted", "server":"akswtt00400000r"}}
{"logTime": "0203/204345", "correlationVector":"xo92KGidaVBeTJcmx3NHkL.2","action":"GetUpdates Response", "result":"Success", "context":Received 51 update(s). cV=xo92KGidaVBeTJcmx3NHkL.0;server=akswtt00400000r;cloudType=Consumer;environment=Prod_canadacentral_prod-s01-021-nam-canadacentral;migrationStage=NotStarted}
{"logTime": "0203/204345", "correlationVector":"IdfaHpHCarBBsyuyoMPYXG","action":"Normal GetUpdate request", "result":"", "context":cV=IdfaHpHCarBBsyuyoMPYXG
Nudged types: Sessions, History
Refresh requested types: Bookmarks, Preferences, Passwords, Autofill Profiles, Autofill, Extensions, Sessions, Extension settings, History Delete Directives, Device Info, User Consents, Send Tab To Self, Web Apps, History, Collection, Edge E Drop, Edge Hub App Usage, Edge Tab Group, Edge Wallet, Encryption Keys}
{"logTime": "0203/204345", "correlationVector":"IdfaHpHCarBBsyuyoMPYXG.1","action":"SyncServerConnectionManagerRequest", "result":"SYNC_SERVER_OK", "context":{"environment":"Prod_canadacentral_prod-s01-021-nam-canadacentral", "migrationStage":"NotStarted", "server":"akswtt00400000q"}}
{"logTime": "0203/204345", "correlationVector":"IdfaHpHCarBBsyuyoMPYXG.2","action":"GetUpdates Response", "result":"Success", "context":Received 22 update(s). cV=IdfaHpHCarBBsyuyoMPYXG.0;server=akswtt00400000q;cloudType=Consumer;environment=Prod_canadacentral_prod-s01-021-nam-canadacentral;migrationStage=NotStarted}
{"logTime": "0203/204345", "correlationVector":"l+9XxdPsGwYsl6ow6q21+R","action":"Commit Request", "result":"", "context":Item count: 3
Contributing types: Sessions}
{"logTime": "0203/204345", "correlationVector":"l+9XxdPsGwYsl6ow6q21+R.1","action":"SyncServerConnectionManagerRequest", "result":"SYNC_SERVER_OK", "context":{"environment":"Prod_canadacentral_prod-s01-021-nam-canadacentral", "migrationStage":"NotStarted", "server":"akswtt00400000p"}}
{"logTime": "0203/204345", "correlationVector":"l+9XxdPsGwYsl6ow6q21+R.2","action":"Commit Response", "result":"Success", "context":Result: Success. cV=l+9XxdPsGwYsl6ow6q21+R.0;server=akswtt00400000p;cloudType=Consumer;environment=Prod_canadacentral_prod-s01-021-nam-canadacentral;migrationStage=NotStarted}
{"logTime": "0203/204345", "correlationVector":"l+9XxdPsGwYsl6ow6q21+R.3","action":"Commit.Sessions", "result":"Success", "context":{"id":"6dc978c3-f51b-43ff-9591-9f9344be438f", "isDeleted":"true", "size":"0", "version":"1738614256958"}}
{"logTime": "0203/204737", "correlationVector":"zkFbQmikXvEXLXNVZbMAOd.1","action":"SyncServerConnectionManagerRequest", "result":"SYNC_SERVER_OK", "context":{"environment":"Prod_canadacentral_prod-s01-021-nam-canadacentral", "migrationStage":"NotStarted", "server":"akswtt004000008"}}
{"logTime": "0203/204737", "correlationVector":"w7K7iHvXMtQG8IKNeJrC+P","action":"SyncServerConnectionManagerRequest", "result":"SYNC_SERVER_OK", "context":{"environment":"", "migrationStage":"", "server":""}}
{"logTime": "0203/204737", "correlationVector":"zkFbQmikXvEXLXNVZbMAOd","action":"Initial GetUpdates", "result":"", "context":Reason: NEW_CLIENT. cV=zkFbQmikXvEXLXNVZbMAOd}
{"logTime": "0203/204737", "correlationVector":"zkFbQmikXvEXLXNVZbMAOd.2","action":"GetUpdates Response", "result":"Success", "context":Received 1 update(s). cV=zkFbQmikXvEXLXNVZbMAOd.0;server=akswtt004000008;cloudType=Consumer;environment=Prod_canadacentral_prod-s01-021-nam-canadacentral;migrationStage=NotStarted}
{"logTime": "0203/204737", "correlationVector":"ZVg8G0/inZXgJqyYFgZmJ5","action":"Initial GetUpdates", "result":"", "context":Reason: NEWLY_SUPPORTED_DATATYPE. cV=ZVg8G0/inZXgJqyYFgZmJ5}
{"logTime": "0203/204739", "correlationVector":"ZVg8G0/inZXgJqyYFgZmJ5.1","action":"SyncServerConnectionManagerRequest", "result":"SYNC_SERVER_OK", "context":{"environment":"Prod_canadacentral_prod-s01-021-nam-canadacentral", "migrationStage":"NotStarted", "server":"akswtt00400000b"}}
{"logTime": "0203/204739", "correlationVector":"ZVg8G0/inZXgJqyYFgZmJ5.2","action":"GetUpdates Response", "result":"Success", "context":Received 51 update(s). cV=ZVg8G0/inZXgJqyYFgZmJ5.0;server=akswtt00400000b;cloudType=Consumer;environment=Prod_canadacentral_prod-s01-021-nam-canadacentral;migrationStage=NotStarted}
{"logTime": "0203/204739", "correlationVector":"dpTJcc/MpFiJwWrMchJSH2","action":"Normal GetUpdate request", "result":"", "context":cV=dpTJcc/MpFiJwWrMchJSH2
Nudged types: Sessions, History
Refresh requested types: Bookmarks, Preferences, Passwords, Autofill Profiles, Autofill, Extensions, Sessions, Extension settings, History Delete Directives, Device Info, User Consents, Send Tab To Self, Web Apps, History, Collection, Edge E Drop, Edge Hub App Usage, Edge Tab Group, Edge Wallet, Encryption Keys}
{"logTime": "0203/204739", "correlationVector":"dpTJcc/MpFiJwWrMchJSH2.1","action":"SyncServerConnectionManagerRequest", "result":"SYNC_SERVER_OK", "context":{"environment":"Prod_canadacentral_prod-s01-021-nam-canadacentral", "migrationStage":"NotStarted", "server":"akswtt004000001"}}
{"logTime": "0203/204739", "correlationVector":"dpTJcc/MpFiJwWrMchJSH2.2","action":"GetUpdates", "result":"DeleteReceived", "context":{"id":"6dc978c3-f51b-43ff-9591-9f9344be438f", "isDeleted:":"true", "version":"1738615425860"}}
{"logTime": "0203/204739", "correlationVector":"dpTJcc/MpFiJwWrMchJSH2.3","action":"GetUpdates Response", "result":"Success", "context":Received 3 update(s). cV=dpTJcc/MpFiJwWrMchJSH2.0;server=akswtt004000001;cloudType=Consumer;environment=Prod_canadacentral_prod-s01-021-nam-canadacentral;migrationStage=NotStarted}
{"logTime": "0203/204739", "correlationVector":"Y/lr7zbYMS4aK3KPa1tT9r","action":"Commit Request", "result":"", "context":Item count: 11
Contributing types: Sessions, History}
{"logTime": "0203/204740", "correlationVector":"Y/lr7zbYMS4aK3KPa1tT9r.1","action":"SyncServerConnectionManagerRequest", "result":"SYNC_SERVER_OK", "context":{"environment":"Prod_canadacentral_prod-s01-021-nam-canadacentral", "migrationStage":"NotStarted", "server":"akswtt004000017"}}
{"logTime": "0203/204740", "correlationVector":"Y/lr7zbYMS4aK3KPa1tT9r.2","action":"Commit Response", "result":"Success", "context":Result: Success. cV=Y/lr7zbYMS4aK3KPa1tT9r.0;server=akswtt004000017;cloudType=Consumer;environment=Prod_canadacentral_prod-s01-021-nam-canadacentral;migrationStage=NotStarted}
{"logTime": "0203/204840", "correlationVector":"HKqK16X/bD5ozjmsT1J6PM","action":"Commit Request", "result":"", "context":Item count: 10
Contributing types: Sessions, History}
{"logTime": "0203/204840", "correlationVector":"HKqK16X/bD5ozjmsT1J6PM.1","action":"SyncServerConnectionManagerRequest", "result":"SYNC_SERVER_OK", "context":{"environment":"Prod_canadacentral_prod-s01-021-nam-canadacentral", "migrationStage":"NotStarted", "server":"akswtt00400000q"}}
{"logTime": "0203/204840", "correlationVector":"HKqK16X/bD5ozjmsT1J6PM.3","action":"Commit.Sessions", "result":"Success", "context":{"id":"d87decea-7e6d-4614-a972-d872a8048770", "isDeleted":"true", "size":"0", "version":"1738615659747"}}
{"logTime": "0203/204840", "correlationVector":"HKqK16X/bD5ozjmsT1J6PM.2","action":"Commit Response", "result":"Success", "context":Result: Success. cV=HKqK16X/bD5ozjmsT1J6PM.0;server=akswtt00400000q;cloudType=Consumer;environment=Prod_canadacentral_prod-s01-021-nam-canadacentral;migrationStage=NotStarted}
{"logTime": "0203/205022", "correlationVector":"/wv2qBF6RAinvEvaJQ/kNr","action":"Commit Request", "result":"", "context":Item count: 4
Contributing types: Sessions, History}
{"logTime": "0203/205022", "correlationVector":"/wv2qBF6RAinvEvaJQ/kNr.1","action":"SyncServerConnectionManagerRequest", "result":"SYNC_SERVER_OK", "context":{"environment":"Prod_canadacentral_prod-s01-021-nam-canadacentral", "migrationStage":"NotStarted", "server":"akswtt00400000e"}}
{"logTime": "0203/205022", "correlationVector":"/wv2qBF6RAinvEvaJQ/kNr.2","action":"Commit Response", "result":"Success", "context":Result: Success. cV=/wv2qBF6RAinvEvaJQ/kNr.0;server=akswtt00400000e;cloudType=Consumer;environment=Prod_canadacentral_prod-s01-021-nam-canadacentral;migrationStage=NotStarted}
{"logTime": "0203/205250", "correlationVector":"O0pk2mrJTD6YCdewcMAirb","action":"Commit Request", "result":"", "context":Item count: 4
Contributing types: Sessions, History}
{"logTime": "0203/205250", "correlationVector":"O0pk2mrJTD6YCdewcMAirb.1","action":"SyncServerConnectionManagerRequest", "result":"SYNC_SERVER_OK", "context":{"environment":"Prod_canadacentral_prod-s01-021-nam-canadacentral", "migrationStage":"NotStarted", "server":"akswtt004000009"}}
{"logTime": "0203/205250", "correlationVector":"O0pk2mrJTD6YCdewcMAirb.2","action":"Commit Response", "result":"Success", "context":Result: Success. cV=O0pk2mrJTD6YCdewcMAirb.0;server=akswtt004000009;cloudType=Consumer;environment=Prod_canadacentral_prod-s01-021-nam-canadacentral;migrationStage=NotStarted}
{"logTime": "0203/205323", "correlationVector":"Pf4l5q5do9X2auzYLjTXdV","action":"Commit Request", "result":"", "context":Item count: 5
Contributing types: Preferences, Sessions, History, Edge Hub App Usage}
{"logTime": "0203/205324", "correlationVector":"Pf4l5q5do9X2auzYLjTXdV.1","action":"SyncServerConnectionManagerRequest", "result":"SYNC_SERVER_OK", "context":{"environment":"Prod_canadacentral_prod-s01-021-nam-canadacentral", "migrationStage":"NotStarted", "server":"akswtt00400000a"}}
{"logTime": "0203/205324", "correlationVector":"Pf4l5q5do9X2auzYLjTXdV.2","action":"Commit Response", "result":"Success", "context":Result: Success. cV=Pf4l5q5do9X2auzYLjTXdV.0;server=akswtt00400000a;cloudType=Consumer;environment=Prod_canadacentral_prod-s01-021-nam-canadacentral;migrationStage=NotStarted}
{"logTime": "0203/205328", "correlationVector":"xrfJxu0zpa7H1JUrJhwqK1","action":"Commit Request", "result":"", "context":Item count: 4
Contributing types: History, Edge Hub App Usage}
{"logTime": "0203/205328", "correlationVector":"xrfJxu0zpa7H1JUrJhwqK1.1","action":"SyncServerConnectionManagerRequest", "result":"SYNC_SERVER_OK", "context":{"environment":"Prod_canadacentral_prod-s01-021-nam-canadacentral", "migrationStage":"NotStarted", "server":"akswtt004000009"}}
{"logTime": "0203/205328", "correlationVector":"xrfJxu0zpa7H1JUrJhwqK1.2","action":"Commit Response", "result":"Success", "context":Result: Success. cV=xrfJxu0zpa7H1JUrJhwqK1.0;server=akswtt004000009;cloudType=Consumer;environment=Prod_canadacentral_prod-s01-021-nam-canadacentral;migrationStage=NotStarted}
{"logTime": "0203/205428", "correlationVector":"b1jZb/jQvNP1hPGe6dkVA7","action":"Commit Request", "result":"", "context":Item count: 3
Contributing types: Sessions, History}
{"logTime": "0203/205428", "correlationVector":"b1jZb/jQvNP1hPGe6dkVA7.1","action":"SyncServerConnectionManagerRequest", "result":"SYNC_SERVER_OK", "context":{"environment":"Prod_canadacentral_prod-s01-021-nam-canadacentral", "migrationStage":"NotStarted", "server":"akswtt00400000p"}}
{"logTime": "0203/205428", "correlationVector":"b1jZb/jQvNP1hPGe6dkVA7.2","action":"Commit Response", "result":"Success", "context":Result: Success. cV=b1jZb/jQvNP1hPGe6dkVA7.0;server=akswtt00400000p;cloudType=Consumer;environment=Prod_canadacentral_prod-s01-021-nam-canadacentral;migrationStage=NotStarted}
{"logTime": "0203/205609", "correlationVector":"Si/CBOPFy4FOikM+oPvODB","action":"Commit Request", "result":"", "context":Item count: 7
Contributing types: Sessions, History}
{"logTime": "0203/205610", "correlationVector":"Si/CBOPFy4FOikM+oPvODB.1","action":"SyncServerConnectionManagerRequest", "result":"SYNC_SERVER_OK", "context":{"environment":"Prod_canadacentral_prod-s01-021-nam-canadacentral", "migrationStage":"NotStarted", "server":"akswtt00400000l"}}
{"logTime": "0203/205610", "correlationVector":"Si/CBOPFy4FOikM+oPvODB.2","action":"Commit Response", "result":"Success", "context":Result: Success. cV=Si/CBOPFy4FOikM+oPvODB.0;server=akswtt00400000l;cloudType=Consumer;environment=Prod_canadacentral_prod-s01-021-nam-canadacentral;migrationStage=NotStarted}
{"logTime": "0203/205736", "correlationVector":"C3kzSlPHmuLLNQOsA9I2CU","action":"Commit Request", "result":"", "context":Item count: 8
Contributing types: Sessions, History}
{"logTime": "0203/205736", "correlationVector":"C3kzSlPHmuLLNQOsA9I2CU.1","action":"SyncServerConnectionManagerRequest", "result":"SYNC_SERVER_OK", "context":{"environment":"Prod_canadacentral_prod-s01-021-nam-canadacentral", "migrationStage":"NotStarted", "server":"akswtt00400000d"}}
{"logTime": "0203/205736", "correlationVector":"C3kzSlPHmuLLNQOsA9I2CU.2","action":"Commit Response", "result":"Success", "context":Result: Success. cV=C3kzSlPHmuLLNQOsA9I2CU.0;server=akswtt00400000d;cloudType=Consumer;environment=Prod_canadacentral_prod-s01-021-nam-canadacentral;migrationStage=NotStarted}
{"logTime": "0203/205934", "correlationVector":"32rWs693Ne+YhaGLJ1FenA","action":"Commit Request", "result":"", "context":Item count: 3
Contributing types: Sessions, History}
{"logTime": "0203/205934", "correlationVector":"32rWs693Ne+YhaGLJ1FenA.1","action":"SyncServerConnectionManagerRequest", "result":"SYNC_SERVER_OK", "context":{"environment":"Prod_canadacentral_prod-s01-021-nam-canadacentral", "migrationStage":"NotStarted", "server":"akswtt004000009"}}
{"logTime": "0203/205934", "correlationVector":"32rWs693Ne+YhaGLJ1FenA.2","action":"Commit Response", "result":"Success", "context":Result: Success. cV=32rWs693Ne+YhaGLJ1FenA.0;server=akswtt004000009;cloudType=Consumer;environment=Prod_canadacentral_prod-s01-021-nam-canadacentral;migrationStage=NotStarted}
{"logTime": "0203/210536", "correlationVector":"D+BjSnsmqG2X7qK6NhOzvd","action":"Commit Request", "result":"", "context":Item count: 3
Contributing types: Sessions, History}
{"logTime": "0203/210537", "correlationVector":"D+BjSnsmqG2X7qK6NhOzvd.1","action":"SyncServerConnectionManagerRequest", "result":"SYNC_SERVER_OK", "context":{"environment":"Prod_canadacentral_prod-s01-021-nam-canadacentral", "migrationStage":"NotStarted", "server":"akswtt004000012"}}
{"logTime": "0203/210537", "correlationVector":"D+BjSnsmqG2X7qK6NhOzvd.2","action":"Commit Response", "result":"Success", "context":Result: Success. cV=D+BjSnsmqG2X7qK6NhOzvd.0;server=akswtt004000012;cloudType=Consumer;environment=Prod_canadacentral_prod-s01-021-nam-canadacentral;migrationStage=NotStarted}
{"logTime": "0203/210637", "correlationVector":"yUI+Y671dzbBRkuGM0289T","action":"Commit Request", "result":"", "context":Item count: 3
Contributing types: Sessions, History}
{"logTime": "0203/210638", "correlationVector":"yUI+Y671dzbBRkuGM0289T.1","action":"SyncServerConnectionManagerRequest", "result":"SYNC_SERVER_OK", "context":{"environment":"Prod_canadacentral_prod-s01-021-nam-canadacentral", "migrationStage":"NotStarted", "server":"akswtt004000011"}}
{"logTime": "0203/210638", "correlationVector":"yUI+Y671dzbBRkuGM0289T.2","action":"Commit Response", "result":"Success", "context":Result: Success. cV=yUI+Y671dzbBRkuGM0289T.0;server=akswtt004000011;cloudType=Consumer;environment=Prod_canadacentral_prod-s01-021-nam-canadacentral;migrationStage=NotStarted}
