2025-02-03 20:23:09.153: [INFO][Sync] Reset engine, reason: 8
2025-02-03 20:23:09.153: [INFO][Sync] Stopped: Bookmarks
2025-02-03 20:23:09.153: [INFO][Sync] Stopped: Preferences
2025-02-03 20:23:09.153: [INFO][Sync] Stopped: Passwords
2025-02-03 20:23:09.153: [INFO][Sync] Stopped: Autofill Profiles
2025-02-03 20:23:09.153: [INFO][Sync] Stopped: Autofill
2025-02-03 20:23:09.153: [INFO][Sync] Stopped: Extensions
2025-02-03 20:23:09.153: [INFO][Sync] Stopped: Sessions
2025-02-03 20:23:09.153: [INFO][Sync] Stopped: Extension settings
2025-02-03 20:23:09.153: [INFO][Sync] Stopped: History Delete Directives
2025-02-03 20:23:09.153: [INFO][Sync] Stopped: Device Info
2025-02-03 20:23:09.153: [INFO][Sync] Stopped: User Consents
2025-02-03 20:23:09.153: [INFO][Sync] Stopped: Send Tab To Self
2025-02-03 20:23:09.153: [INFO][Sync] Stopped: Web Apps
2025-02-03 20:23:09.153: [INFO][Sync] Stopped: History
2025-02-03 20:23:09.153: [INFO][Sync] Stopped: Collection
2025-02-03 20:23:09.153: [INFO][Sync] Stopped: Edge E Drop
2025-02-03 20:23:09.153: [INFO][Sync] Stopped: Edge Hub App Usage
2025-02-03 20:23:09.153: [INFO][Sync] Stopped: Edge Tab Group
2025-02-03 20:23:09.153: [INFO][Sync] Stopped: Edge Wallet
2025-02-03 20:23:09.153: [INFO][Sync] SyncState after authenticated was: NotSignedIn
2025-02-03 20:23:09.384: [INFO][Sync] Reset engine, reason: 8
2025-02-03 20:23:09.384: [INFO][Sync] Stopped: Bookmarks
2025-02-03 20:23:09.384: [INFO][Sync] Stopped: Preferences
2025-02-03 20:23:09.384: [INFO][Sync] Stopped: Passwords
2025-02-03 20:23:09.384: [INFO][Sync] Stopped: Autofill Profiles
2025-02-03 20:23:09.384: [INFO][Sync] Stopped: Autofill
2025-02-03 20:23:09.384: [INFO][Sync] Stopped: Extensions
2025-02-03 20:23:09.384: [INFO][Sync] Stopped: Sessions
2025-02-03 20:23:09.384: [INFO][Sync] Stopped: Extension settings
2025-02-03 20:23:09.384: [INFO][Sync] Stopped: History Delete Directives
2025-02-03 20:23:09.384: [INFO][Sync] Stopped: Device Info
2025-02-03 20:23:09.384: [INFO][Sync] Stopped: User Consents
2025-02-03 20:23:09.384: [INFO][Sync] Stopped: Send Tab To Self
2025-02-03 20:23:09.384: [INFO][Sync] Stopped: Web Apps
2025-02-03 20:23:09.384: [INFO][Sync] Stopped: History
2025-02-03 20:23:09.384: [INFO][Sync] Stopped: Collection
2025-02-03 20:23:09.384: [INFO][Sync] Stopped: Edge E Drop
2025-02-03 20:23:09.384: [INFO][Sync] Stopped: Edge Hub App Usage
2025-02-03 20:23:09.384: [INFO][Sync] Stopped: Edge Tab Group
2025-02-03 20:23:09.384: [INFO][Sync] Stopped: Edge Wallet
2025-02-03 20:23:09.469: [INFO][Sync] Try to start sync engine
2025-02-03 20:23:09.470: [INFO][SyncManagerImpl::NudgeForInitialDownload] Initial download nudge for Encryption Keys
2025-02-03 20:23:09.470: [INFO][SyncEngineBackend::LoadAndConnectNigoriController] Load and connect Nigori controller
2025-02-03 20:23:09.470: [INFO][SyncEngineBackend::DoInitialize] Control Types added: Encryption Keys
2025-02-03 20:23:09.470: [INFO][SyncManagerImpl::ConfigureSyncer] Types to download: Encryption Keys with reason: 3
2025-02-03 20:23:09.470: [INFO][SyncSchedulerImpl::DoConfigurationSyncCycleJob] Configure job was blocked
2025-02-03 20:23:09.571: [INFO][SyncAuthManager::SetLastAuthError] Current auth error: None
2025-02-03 20:23:09.571: [INFO][SyncAuthManager::EdgeLogTokenErrorState] Token error with: None for account type: MSA
2025-02-03 20:23:09.571: [INFO][Sync] Credentials changed for: EdgeSyncScopeNew
2025-02-03 20:23:10.498: [INFO][SyncAuthManager::SetLastAuthError] Current auth error: None
2025-02-03 20:23:10.498: [INFO][SyncAuthManager::EdgeLogTokenErrorState] Token error with: None for account type: MSA
2025-02-03 20:23:10.498: [INFO][Sync] Credentials changed for: EdgeSyncKeyDataScope
2025-02-03 20:23:10.498: [INFO][SyncEngineBackend::DoUpdateKeyDataCredentials] Update key data credentials
2025-02-03 20:23:10.498: [INFO][SyncEngineBackend::DoUpdateCredentials] Update credentials
2025-02-03 20:23:10.498: [INFO][SyncSchedulerImpl::DoConfigurationSyncCycleJob] Blocked types:  and types to download: Encryption Keys
2025-02-03 20:23:10.861: [INFO][Sync] Started DataTypeManager configuration, reason: 4
2025-02-03 20:23:10.861: [INFO][Sync] Configuring for: Bookmarks, Preferences, Passwords, Autofill Profiles, Autofill, Extensions, Sessions, Extension settings, History Delete Directives, Device Info, User Consents, Send Tab To Self, Web Apps, History, Collection, Edge E Drop, Edge Hub App Usage, Edge Tab Group, Edge Wallet, Encryption Keys, reason: 3, current state: 0
2025-02-03 20:23:10.861: [INFO][Sync] Configure, desired: Bookmarks, Preferences, Extensions, Sessions, Extension settings, History Delete Directives, Device Info, User Consents, Send Tab To Self, Web Apps, History, Collection, Edge E Drop, Edge Hub App Usage, Edge Tab Group, Edge Wallet, Encryption Keys; Allow fail: Passwords, Autofill Profiles, Autofill
2025-02-03 20:23:10.862: [INFO][Sync] Loading: Bookmarks
2025-02-03 20:23:10.862: [INFO][Sync] Loading: Preferences
2025-02-03 20:23:10.862: [INFO][Sync] Loading: Extensions
2025-02-03 20:23:10.862: [INFO][Sync] Loading: Sessions
2025-02-03 20:23:10.862: [INFO][Sync] Loading: Extension settings
2025-02-03 20:23:10.862: [INFO][Sync] Loading: History Delete Directives
2025-02-03 20:23:10.862: [INFO][Sync] Loading: Device Info
2025-02-03 20:23:10.863: [INFO][Sync] Loading: User Consents
2025-02-03 20:23:10.863: [INFO][Sync] Loading: Send Tab To Self
2025-02-03 20:23:10.863: [INFO][Sync] Loading: Web Apps
2025-02-03 20:23:10.863: [INFO][Sync] Loading: History
2025-02-03 20:23:10.863: [INFO][Sync] Loading: Collection
2025-02-03 20:23:10.863: [INFO][Sync] Loading: Edge E Drop
2025-02-03 20:23:10.863: [INFO][Sync] Loading: Edge Hub App Usage
2025-02-03 20:23:10.863: [INFO][Sync] Loading: Edge Tab Group
2025-02-03 20:23:10.863: [INFO][Sync] Loading: Edge Wallet
2025-02-03 20:23:10.864: [INFO][Sync] All data types are ready for configure.
2025-02-03 20:23:11.289: [INFO][Sync] Started DataTypeManager configuration, reason: 5
2025-02-03 20:23:11.290: [INFO][Sync] Configuring for: Bookmarks, Preferences, Passwords, Autofill Profiles, Autofill, Extensions, Sessions, Extension settings, History Delete Directives, Device Info, User Consents, Send Tab To Self, Web Apps, History, Collection, Edge E Drop, Edge Hub App Usage, Edge Tab Group, Edge Wallet, Encryption Keys, reason: 5, current state: 1
2025-02-03 20:23:11.292: [INFO][SyncEngineBackend::DoStartConfiguration] Start configuration
2025-02-03 20:23:11.293: [INFO][SyncManagerImpl::NudgeForInitialDownload] Initial download nudge for Bookmarks
2025-02-03 20:23:11.293: [INFO][SyncManagerImpl::NudgeForInitialDownload] Initial download nudge for Preferences
2025-02-03 20:23:11.293: [INFO][SyncManagerImpl::NudgeForInitialDownload] Initial download nudge for Extensions
2025-02-03 20:23:11.293: [INFO][SyncManagerImpl::NudgeForInitialDownload] Initial download nudge for Sessions
2025-02-03 20:23:11.293: [INFO][SyncManagerImpl::NudgeForInitialDownload] Initial download nudge for Extension settings
2025-02-03 20:23:11.293: [INFO][SyncManagerImpl::NudgeForInitialDownload] Initial download nudge for History Delete Directives
2025-02-03 20:23:11.293: [INFO][SyncManagerImpl::NudgeForInitialDownload] Initial download nudge for Device Info
2025-02-03 20:23:11.293: [INFO][SyncManagerImpl::NudgeForInitialDownload] Initial download nudge for Send Tab To Self
2025-02-03 20:23:11.293: [INFO][SyncManagerImpl::NudgeForInitialDownload] Initial download nudge for Web Apps
2025-02-03 20:23:11.293: [INFO][SyncManagerImpl::NudgeForInitialDownload] Initial download nudge for History
2025-02-03 20:23:11.293: [INFO][SyncManagerImpl::NudgeForInitialDownload] Initial download nudge for Collection
2025-02-03 20:23:11.293: [INFO][SyncManagerImpl::NudgeForInitialDownload] Initial download nudge for Edge E Drop
2025-02-03 20:23:11.293: [INFO][SyncManagerImpl::NudgeForInitialDownload] Initial download nudge for Edge Hub App Usage
2025-02-03 20:23:11.293: [INFO][SyncManagerImpl::NudgeForInitialDownload] Initial download nudge for Edge Tab Group
2025-02-03 20:23:11.293: [INFO][SyncManagerImpl::NudgeForInitialDownload] Initial download nudge for Edge Wallet
2025-02-03 20:23:11.293: [INFO][SyncManagerImpl::ConfigureSyncer] Types to download:  with reason: 3
2025-02-03 20:23:11.293: [INFO][SyncEngineBackend::DoFinishConfigureDataTypes] Failed to download types:  and succeeded types: 
2025-02-03 20:23:11.294: [INFO][Sync] ConfigurationDone, failed: , succeeded: , remaining count: 4
2025-02-03 20:23:11.294: [WARN][Sync]     Reconfigure requested while configuration ongoing.
2025-02-03 20:23:11.294: [INFO][Sync] Configuring for: Bookmarks, Preferences, Passwords, Autofill Profiles, Autofill, Extensions, Sessions, Extension settings, History Delete Directives, Device Info, User Consents, Send Tab To Self, Web Apps, History, Collection, Edge E Drop, Edge Hub App Usage, Edge Tab Group, Edge Wallet, Encryption Keys, reason: 5, current state: 2
2025-02-03 20:23:11.294: [INFO][Sync] Configure, desired: Bookmarks, Preferences, Passwords, Autofill Profiles, Autofill, Extensions, Sessions, Extension settings, History Delete Directives, Device Info, User Consents, Send Tab To Self, Web Apps, History, Collection, Edge E Drop, Edge Hub App Usage, Edge Tab Group, Edge Wallet, Encryption Keys; Allow fail: 
2025-02-03 20:23:11.294: [INFO][Sync] Loading: Passwords
2025-02-03 20:23:11.294: [INFO][Sync] Loading: Autofill Profiles
2025-02-03 20:23:11.294: [INFO][Sync] Loading: Autofill
2025-02-03 20:23:11.294: [INFO][Sync] All data types are ready for configure.
2025-02-03 20:23:11.294: [INFO][SyncManagerImpl::NudgeForInitialDownload] Initial download nudge for Passwords
2025-02-03 20:23:11.295: [INFO][SyncManagerImpl::NudgeForInitialDownload] Initial download nudge for Autofill Profiles
2025-02-03 20:23:11.295: [INFO][SyncManagerImpl::NudgeForInitialDownload] Initial download nudge for Autofill
2025-02-03 20:23:11.295: [INFO][SyncManagerImpl::ConfigureSyncer] Types to download:  with reason: 5
2025-02-03 20:23:11.295: [INFO][SyncEngineBackend::DoFinishConfigureDataTypes] Failed to download types:  and succeeded types: 
2025-02-03 20:23:11.295: [INFO][Sync] ConfigurationDone, failed: , succeeded: , remaining count: 4
2025-02-03 20:23:11.295: [INFO][Sync] Prepare to configure types: Preferences, Passwords, Device Info, Send Tab To Self, Edge E Drop, Encryption Keys
2025-02-03 20:23:11.295: [INFO][SyncManagerImpl::ConfigureSyncer] Types to download: Preferences, Passwords, Device Info, Send Tab To Self, Edge E Drop, Encryption Keys with reason: 5
2025-02-03 20:23:11.295: [INFO][SyncSchedulerImpl::DoConfigurationSyncCycleJob] Blocked types:  and types to download: Preferences, Passwords, Device Info, Send Tab To Self, Edge E Drop, Encryption Keys
2025-02-03 20:23:11.537: [INFO][SyncEngineBackend::DoFinishConfigureDataTypes] Failed to download types:  and succeeded types: Preferences, Passwords, Device Info, Send Tab To Self, Edge E Drop, Encryption Keys
2025-02-03 20:23:11.540: [INFO][Sync] ConfigurationDone, failed: , succeeded: Preferences, Passwords, Device Info, Send Tab To Self, Edge E Drop, Encryption Keys, remaining count: 3
2025-02-03 20:23:11.540: [INFO][Sync] Prepare to configure types: Bookmarks, Encryption Keys
2025-02-03 20:23:11.540: [INFO][SyncManagerImpl::ConfigureSyncer] Types to download: Bookmarks, Encryption Keys with reason: 5
2025-02-03 20:23:11.540: [INFO][SyncSchedulerImpl::DoConfigurationSyncCycleJob] Blocked types:  and types to download: Bookmarks, Encryption Keys
2025-02-03 20:23:11.631: [INFO][SyncEngineBackend::DoFinishConfigureDataTypes] Failed to download types:  and succeeded types: Bookmarks, Encryption Keys
2025-02-03 20:23:11.637: [INFO][Sync] ConfigurationDone, failed: , succeeded: Bookmarks, Encryption Keys, remaining count: 2
2025-02-03 20:23:11.637: [INFO][Sync] Prepare to configure types: Autofill Profiles, Autofill, Extensions, Sessions, Extension settings, History Delete Directives, Web Apps, Collection, Edge Hub App Usage, Edge Tab Group, Edge Wallet, Encryption Keys
2025-02-03 20:23:11.637: [INFO][SyncManagerImpl::ConfigureSyncer] Types to download: Autofill Profiles, Autofill, Extensions, Sessions, Extension settings, History Delete Directives, Web Apps, Collection, Edge Hub App Usage, Edge Tab Group, Edge Wallet, Encryption Keys with reason: 5
2025-02-03 20:23:11.637: [INFO][SyncSchedulerImpl::DoConfigurationSyncCycleJob] Blocked types:  and types to download: Autofill Profiles, Autofill, Extensions, Sessions, Extension settings, History Delete Directives, Web Apps, Collection, Edge Hub App Usage, Edge Tab Group, Edge Wallet, Encryption Keys
2025-02-03 20:23:11.846: [INFO][SyncEngineBackend::DoFinishConfigureDataTypes] Failed to download types:  and succeeded types: Autofill Profiles, Autofill, Extensions, Sessions, Extension settings, History Delete Directives, Web Apps, Collection, Edge Hub App Usage, Edge Tab Group, Edge Wallet, Encryption Keys
2025-02-03 20:23:11.861: [INFO][Sync] ConfigurationDone, failed: , succeeded: Autofill Profiles, Autofill, Extensions, Sessions, Extension settings, History Delete Directives, Web Apps, Collection, Edge Hub App Usage, Edge Tab Group, Edge Wallet, Encryption Keys, remaining count: 1
2025-02-03 20:23:11.862: [INFO][Sync] Prepare to configure types: History, Encryption Keys
2025-02-03 20:23:11.862: [INFO][SyncManagerImpl::ConfigureSyncer] Types to download: History, Encryption Keys with reason: 5
2025-02-03 20:23:11.862: [INFO][SyncSchedulerImpl::DoConfigurationSyncCycleJob] Blocked types:  and types to download: History, Encryption Keys
2025-02-03 20:23:12.967: [INFO][SyncEngineBackend::DoFinishConfigureDataTypes] Failed to download types:  and succeeded types: History, Encryption Keys
2025-02-03 20:23:12.973: [INFO][Sync] ConfigurationDone, failed: , succeeded: History, Encryption Keys, remaining count: 0
2025-02-03 20:23:12.973: [INFO][Sync]     Configuration completed, state: 7
2025-02-03 20:23:12.974: [INFO][Sync] Configured DataTypeManager: Ok
2025-02-03 20:23:12.974: [INFO][SyncEngineBackend::DoStartSyncing] Start syncing
2025-02-03 20:43:43.560: [INFO][Sync] SyncState after authenticated was: FeatureCanStart
2025-02-03 20:43:43.847: [INFO][Sync] Try to start sync engine
2025-02-03 20:43:43.848: [INFO][SyncManagerImpl::NudgeForInitialDownload] Initial download nudge for Encryption Keys
2025-02-03 20:43:43.848: [INFO][SyncEngineBackend::LoadAndConnectNigoriController] Load and connect Nigori controller
2025-02-03 20:43:43.848: [INFO][SyncEngineBackend::DoInitialize] Control Types added: Encryption Keys
2025-02-03 20:43:43.848: [INFO][SyncManagerImpl::ConfigureSyncer] Types to download: Encryption Keys with reason: 3
2025-02-03 20:43:43.848: [INFO][SyncSchedulerImpl::DoConfigurationSyncCycleJob] Configure job was blocked
2025-02-03 20:43:43.867: [INFO][SyncAuthManager::SetLastAuthError] Current auth error: None
2025-02-03 20:43:43.867: [INFO][SyncAuthManager::EdgeLogTokenErrorState] Token error with: None for account type: MSA
2025-02-03 20:43:43.867: [INFO][Sync] Credentials changed for: EdgeSyncScopeNew
2025-02-03 20:43:44.565: [INFO][SyncAuthManager::SetLastAuthError] Current auth error: None
2025-02-03 20:43:44.565: [INFO][SyncAuthManager::EdgeLogTokenErrorState] Token error with: None for account type: MSA
2025-02-03 20:43:44.565: [INFO][Sync] Credentials changed for: EdgeSyncKeyDataScope
2025-02-03 20:43:44.565: [INFO][SyncEngineBackend::DoUpdateKeyDataCredentials] Update key data credentials
2025-02-03 20:43:44.565: [INFO][SyncEngineBackend::DoUpdateCredentials] Update credentials
2025-02-03 20:43:44.565: [INFO][SyncSchedulerImpl::DoConfigurationSyncCycleJob] Blocked types:  and types to download: Encryption Keys
2025-02-03 20:43:44.805: [INFO][Sync] Started DataTypeManager configuration, reason: 4
2025-02-03 20:43:44.805: [INFO][Sync] Configuring for: Bookmarks, Preferences, Passwords, Autofill Profiles, Autofill, Extensions, Sessions, Extension settings, History Delete Directives, Device Info, User Consents, Send Tab To Self, Web Apps, History, Collection, Edge E Drop, Edge Hub App Usage, Edge Tab Group, Edge Wallet, Encryption Keys, reason: 4, current state: 0
2025-02-03 20:43:44.808: [INFO][Sync] Configure, desired: Bookmarks, Preferences, Extensions, Sessions, Extension settings, History Delete Directives, Device Info, User Consents, Send Tab To Self, Web Apps, History, Collection, Edge E Drop, Edge Hub App Usage, Edge Tab Group, Edge Wallet, Encryption Keys; Allow fail: Passwords, Autofill Profiles, Autofill
2025-02-03 20:43:44.808: [INFO][Sync] Loading: Bookmarks
2025-02-03 20:43:44.809: [INFO][Sync] Loading: Preferences
2025-02-03 20:43:44.809: [INFO][Sync] Loading: Extensions
2025-02-03 20:43:44.809: [INFO][Sync] Loading: Sessions
2025-02-03 20:43:44.809: [INFO][Sync] Loading: Extension settings
2025-02-03 20:43:44.809: [INFO][Sync] Loading: History Delete Directives
2025-02-03 20:43:44.809: [INFO][Sync] Loading: Device Info
2025-02-03 20:43:44.809: [INFO][Sync] Loading: User Consents
2025-02-03 20:43:44.809: [INFO][Sync] Loading: Send Tab To Self
2025-02-03 20:43:44.809: [INFO][Sync] Loading: Web Apps
2025-02-03 20:43:44.809: [INFO][Sync] Loading: History
2025-02-03 20:43:44.809: [INFO][Sync] Loading: Collection
2025-02-03 20:43:44.809: [INFO][Sync] Loading: Edge E Drop
2025-02-03 20:43:44.809: [INFO][Sync] Loading: Edge Hub App Usage
2025-02-03 20:43:44.809: [INFO][Sync] Loading: Edge Tab Group
2025-02-03 20:43:44.809: [INFO][Sync] Loading: Edge Wallet
2025-02-03 20:43:44.813: [INFO][Sync] All data types are ready for configure.
2025-02-03 20:43:45.044: [INFO][Sync] Started DataTypeManager configuration, reason: 5
2025-02-03 20:43:45.044: [INFO][Sync] Configuring for: Bookmarks, Preferences, Passwords, Autofill Profiles, Autofill, Extensions, Sessions, Extension settings, History Delete Directives, Device Info, User Consents, Send Tab To Self, Web Apps, History, Collection, Edge E Drop, Edge Hub App Usage, Edge Tab Group, Edge Wallet, Encryption Keys, reason: 5, current state: 1
2025-02-03 20:43:45.045: [INFO][SyncEngineBackend::DoStartConfiguration] Start configuration
2025-02-03 20:43:45.045: [INFO][SyncManagerImpl::ConfigureSyncer] Types to download:  with reason: 4
2025-02-03 20:43:45.045: [INFO][SyncEngineBackend::DoFinishConfigureDataTypes] Failed to download types:  and succeeded types: 
2025-02-03 20:43:45.046: [INFO][Sync] ConfigurationDone, failed: , succeeded: , remaining count: 4
2025-02-03 20:43:45.046: [WARN][Sync]     Reconfigure requested while configuration ongoing.
2025-02-03 20:43:45.046: [INFO][Sync] Configuring for: Bookmarks, Preferences, Passwords, Autofill Profiles, Autofill, Extensions, Sessions, Extension settings, History Delete Directives, Device Info, User Consents, Send Tab To Self, Web Apps, History, Collection, Edge E Drop, Edge Hub App Usage, Edge Tab Group, Edge Wallet, Encryption Keys, reason: 5, current state: 2
2025-02-03 20:43:45.046: [INFO][Sync] Configure, desired: Bookmarks, Preferences, Passwords, Autofill Profiles, Autofill, Extensions, Sessions, Extension settings, History Delete Directives, Device Info, User Consents, Send Tab To Self, Web Apps, History, Collection, Edge E Drop, Edge Hub App Usage, Edge Tab Group, Edge Wallet, Encryption Keys; Allow fail: 
2025-02-03 20:43:45.046: [INFO][Sync] Loading: Passwords
2025-02-03 20:43:45.046: [INFO][Sync] Loading: Autofill Profiles
2025-02-03 20:43:45.046: [INFO][Sync] Loading: Autofill
2025-02-03 20:43:45.047: [INFO][Sync] All data types are ready for configure.
2025-02-03 20:43:45.047: [INFO][SyncManagerImpl::NudgeForInitialDownload] Initial download nudge for Passwords
2025-02-03 20:43:45.047: [INFO][SyncManagerImpl::ConfigureSyncer] Types to download:  with reason: 5
2025-02-03 20:43:45.047: [INFO][SyncEngineBackend::DoFinishConfigureDataTypes] Failed to download types:  and succeeded types: 
2025-02-03 20:43:45.047: [INFO][Sync] ConfigurationDone, failed: , succeeded: , remaining count: 4
2025-02-03 20:43:45.047: [INFO][Sync] Prepare to configure types: Passwords, Encryption Keys
2025-02-03 20:43:45.047: [INFO][SyncManagerImpl::ConfigureSyncer] Types to download: Passwords, Encryption Keys with reason: 5
2025-02-03 20:43:45.047: [INFO][SyncSchedulerImpl::DoConfigurationSyncCycleJob] Blocked types:  and types to download: Passwords, Encryption Keys
2025-02-03 20:43:45.234: [INFO][SyncEngineBackend::DoFinishConfigureDataTypes] Failed to download types:  and succeeded types: Passwords, Encryption Keys
2025-02-03 20:43:45.238: [INFO][Sync] ConfigurationDone, failed: , succeeded: Passwords, Encryption Keys, remaining count: 3
2025-02-03 20:43:45.238: [INFO][SyncManagerImpl::ConfigureSyncer] Types to download:  with reason: 5
2025-02-03 20:43:45.238: [INFO][SyncEngineBackend::DoFinishConfigureDataTypes] Failed to download types:  and succeeded types: 
2025-02-03 20:43:45.239: [INFO][Sync] ConfigurationDone, failed: , succeeded: , remaining count: 2
2025-02-03 20:43:45.239: [INFO][SyncManagerImpl::ConfigureSyncer] Types to download:  with reason: 5
2025-02-03 20:43:45.239: [INFO][SyncEngineBackend::DoFinishConfigureDataTypes] Failed to download types:  and succeeded types: 
2025-02-03 20:43:45.239: [INFO][Sync] ConfigurationDone, failed: , succeeded: , remaining count: 1
2025-02-03 20:43:45.242: [INFO][SyncManagerImpl::ConfigureSyncer] Types to download:  with reason: 5
2025-02-03 20:43:45.242: [INFO][SyncEngineBackend::DoFinishConfigureDataTypes] Failed to download types:  and succeeded types: 
2025-02-03 20:43:45.244: [INFO][Sync] ConfigurationDone, failed: , succeeded: , remaining count: 0
2025-02-03 20:43:45.244: [INFO][Sync]     Configuration completed, state: 7
2025-02-03 20:43:45.247: [INFO][Sync] Configured DataTypeManager: Ok
2025-02-03 20:43:45.250: [INFO][SyncEngineBackend::DoStartSyncing] Start syncing
2025-02-03 20:44:17.057: [INFO][Sync] Reset engine, reason: 0
2025-02-03 20:44:17.057: [INFO][Sync] Reset engine with reason: 0
2025-02-03 20:47:36.324: [INFO][Sync] SyncState after authenticated was: FeatureCanStart
2025-02-03 20:47:36.620: [INFO][Sync] Try to start sync engine
2025-02-03 20:47:36.621: [INFO][SyncManagerImpl::NudgeForInitialDownload] Initial download nudge for Encryption Keys
2025-02-03 20:47:36.621: [INFO][SyncEngineBackend::LoadAndConnectNigoriController] Load and connect Nigori controller
2025-02-03 20:47:36.621: [INFO][SyncEngineBackend::DoInitialize] Control Types added: Encryption Keys
2025-02-03 20:47:36.621: [INFO][SyncManagerImpl::ConfigureSyncer] Types to download: Encryption Keys with reason: 3
2025-02-03 20:47:36.621: [INFO][SyncSchedulerImpl::DoConfigurationSyncCycleJob] Configure job was blocked
2025-02-03 20:47:36.641: [INFO][SyncAuthManager::SetLastAuthError] Current auth error: None
2025-02-03 20:47:36.641: [INFO][SyncAuthManager::EdgeLogTokenErrorState] Token error with: None for account type: MSA
2025-02-03 20:47:36.641: [INFO][Sync] Credentials changed for: EdgeSyncScopeNew
2025-02-03 20:47:37.343: [INFO][SyncAuthManager::SetLastAuthError] Current auth error: None
2025-02-03 20:47:37.343: [INFO][SyncAuthManager::EdgeLogTokenErrorState] Token error with: None for account type: MSA
2025-02-03 20:47:37.343: [INFO][Sync] Credentials changed for: EdgeSyncKeyDataScope
2025-02-03 20:47:37.343: [INFO][SyncEngineBackend::DoUpdateKeyDataCredentials] Update key data credentials
2025-02-03 20:47:37.343: [INFO][SyncEngineBackend::DoUpdateCredentials] Update credentials
2025-02-03 20:47:37.343: [INFO][SyncSchedulerImpl::DoConfigurationSyncCycleJob] Blocked types:  and types to download: Encryption Keys
2025-02-03 20:47:37.494: [INFO][Sync] Started DataTypeManager configuration, reason: 4
2025-02-03 20:47:37.494: [INFO][Sync] Configuring for: Bookmarks, Preferences, Passwords, Autofill Profiles, Autofill, Extensions, Sessions, Extension settings, History Delete Directives, Device Info, User Consents, Send Tab To Self, Web Apps, History, Collection, Edge E Drop, Edge Hub App Usage, Edge Tab Group, Edge Wallet, Encryption Keys, reason: 4, current state: 0
2025-02-03 20:47:37.494: [INFO][Sync] Configure, desired: Bookmarks, Preferences, Extensions, Sessions, Extension settings, History Delete Directives, Device Info, User Consents, Send Tab To Self, Web Apps, History, Collection, Edge E Drop, Edge Hub App Usage, Edge Tab Group, Edge Wallet, Encryption Keys; Allow fail: Passwords, Autofill Profiles, Autofill
2025-02-03 20:47:37.494: [INFO][Sync] Loading: Bookmarks
2025-02-03 20:47:37.494: [INFO][Sync] Loading: Preferences
2025-02-03 20:47:37.494: [INFO][Sync] Loading: Extensions
2025-02-03 20:47:37.494: [INFO][Sync] Loading: Sessions
2025-02-03 20:47:37.494: [INFO][Sync] Loading: Extension settings
2025-02-03 20:47:37.494: [INFO][Sync] Loading: History Delete Directives
2025-02-03 20:47:37.495: [INFO][Sync] Loading: Device Info
2025-02-03 20:47:37.495: [INFO][Sync] Loading: User Consents
2025-02-03 20:47:37.495: [INFO][Sync] Loading: Send Tab To Self
2025-02-03 20:47:37.495: [INFO][Sync] Loading: Web Apps
2025-02-03 20:47:37.495: [INFO][Sync] Loading: History
2025-02-03 20:47:37.495: [INFO][Sync] Loading: Collection
2025-02-03 20:47:37.495: [INFO][Sync] Loading: Edge E Drop
2025-02-03 20:47:37.495: [INFO][Sync] Loading: Edge Hub App Usage
2025-02-03 20:47:37.495: [INFO][Sync] Loading: Edge Tab Group
2025-02-03 20:47:37.495: [INFO][Sync] Loading: Edge Wallet
2025-02-03 20:47:37.496: [INFO][Sync] All data types are ready for configure.
2025-02-03 20:47:37.869: [INFO][SyncEngineBackend::DoStartConfiguration] Start configuration
2025-02-03 20:47:37.869: [INFO][SyncManagerImpl::ConfigureSyncer] Types to download:  with reason: 4
2025-02-03 20:47:37.869: [INFO][SyncEngineBackend::DoFinishConfigureDataTypes] Failed to download types:  and succeeded types: 
2025-02-03 20:47:37.869: [INFO][Sync] Started DataTypeManager configuration, reason: 5
2025-02-03 20:47:37.869: [INFO][Sync] Configuring for: Bookmarks, Preferences, Passwords, Autofill Profiles, Autofill, Extensions, Sessions, Extension settings, History Delete Directives, Device Info, User Consents, Send Tab To Self, Web Apps, History, Collection, Edge E Drop, Edge Hub App Usage, Edge Tab Group, Edge Wallet, Encryption Keys, reason: 5, current state: 1
2025-02-03 20:47:37.870: [INFO][Sync] ConfigurationDone, failed: , succeeded: , remaining count: 4
2025-02-03 20:47:37.870: [WARN][Sync]     Reconfigure requested while configuration ongoing.
2025-02-03 20:47:37.870: [INFO][Sync] Configuring for: Bookmarks, Preferences, Passwords, Autofill Profiles, Autofill, Extensions, Sessions, Extension settings, History Delete Directives, Device Info, User Consents, Send Tab To Self, Web Apps, History, Collection, Edge E Drop, Edge Hub App Usage, Edge Tab Group, Edge Wallet, Encryption Keys, reason: 5, current state: 2
2025-02-03 20:47:37.870: [INFO][Sync] Configure, desired: Bookmarks, Preferences, Passwords, Autofill Profiles, Autofill, Extensions, Sessions, Extension settings, History Delete Directives, Device Info, User Consents, Send Tab To Self, Web Apps, History, Collection, Edge E Drop, Edge Hub App Usage, Edge Tab Group, Edge Wallet, Encryption Keys; Allow fail: 
2025-02-03 20:47:37.870: [INFO][Sync] Loading: Passwords
2025-02-03 20:47:37.870: [INFO][Sync] Loading: Autofill Profiles
2025-02-03 20:47:37.870: [INFO][Sync] Loading: Autofill
2025-02-03 20:47:37.871: [INFO][Sync] All data types are ready for configure.
2025-02-03 20:47:37.871: [INFO][SyncManagerImpl::NudgeForInitialDownload] Initial download nudge for Passwords
2025-02-03 20:47:37.871: [INFO][SyncManagerImpl::ConfigureSyncer] Types to download:  with reason: 5
2025-02-03 20:47:37.871: [INFO][SyncEngineBackend::DoFinishConfigureDataTypes] Failed to download types:  and succeeded types: 
2025-02-03 20:47:37.872: [INFO][Sync] ConfigurationDone, failed: , succeeded: , remaining count: 4
2025-02-03 20:47:37.872: [INFO][Sync] Prepare to configure types: Passwords, Encryption Keys
2025-02-03 20:47:37.872: [INFO][SyncManagerImpl::ConfigureSyncer] Types to download: Passwords, Encryption Keys with reason: 5
2025-02-03 20:47:37.872: [INFO][SyncSchedulerImpl::DoConfigurationSyncCycleJob] Blocked types:  and types to download: Passwords, Encryption Keys
2025-02-03 20:47:39.087: [INFO][SyncEngineBackend::DoFinishConfigureDataTypes] Failed to download types:  and succeeded types: Passwords, Encryption Keys
2025-02-03 20:47:39.088: [INFO][Sync] ConfigurationDone, failed: , succeeded: Passwords, Encryption Keys, remaining count: 3
2025-02-03 20:47:39.088: [INFO][SyncManagerImpl::ConfigureSyncer] Types to download:  with reason: 5
2025-02-03 20:47:39.088: [INFO][SyncEngineBackend::DoFinishConfigureDataTypes] Failed to download types:  and succeeded types: 
2025-02-03 20:47:39.088: [INFO][Sync] ConfigurationDone, failed: , succeeded: , remaining count: 2
2025-02-03 20:47:39.088: [INFO][SyncManagerImpl::ConfigureSyncer] Types to download:  with reason: 5
2025-02-03 20:47:39.088: [INFO][SyncEngineBackend::DoFinishConfigureDataTypes] Failed to download types:  and succeeded types: 
2025-02-03 20:47:39.089: [INFO][Sync] ConfigurationDone, failed: , succeeded: , remaining count: 1
2025-02-03 20:47:39.090: [INFO][SyncManagerImpl::ConfigureSyncer] Types to download:  with reason: 5
2025-02-03 20:47:39.090: [INFO][SyncEngineBackend::DoFinishConfigureDataTypes] Failed to download types:  and succeeded types: 
2025-02-03 20:47:39.090: [INFO][Sync] ConfigurationDone, failed: , succeeded: , remaining count: 0
2025-02-03 20:47:39.090: [INFO][Sync]     Configuration completed, state: 7
2025-02-03 20:47:39.091: [INFO][Sync] Configured DataTypeManager: Ok
2025-02-03 20:47:39.091: [INFO][SyncEngineBackend::DoStartSyncing] Start syncing
2025-02-03 21:36:27.865: [INFO][Sync] Reset engine, reason: 0
2025-02-03 21:36:27.865: [INFO][Sync] Reset engine with reason: 0
